\BOOKMARK [0][-]{section*.5}{List of Tables}{}% 1
\BOOKMARK [0][-]{section*.6}{List of Figures}{}% 2
\BOOKMARK [0][-]{chapter.1}{Introduction}{}% 3
\BOOKMARK [1][-]{section.1.1}{Motivation}{chapter.1}% 4
\BOOKMARK [1][-]{section.1.2}{Aim \046 Research Questions}{chapter.1}% 5
\BOOKMARK [1][-]{section.1.3}{Outline}{chapter.1}% 6
\BOOKMARK [0][-]{chapter.2}{Cloud Computing \046 Service Level Agreements}{}% 7
\BOOKMARK [1][-]{section.2.1}{Cloud Computing}{chapter.2}% 8
\BOOKMARK [2][-]{subsection.2.1.1}{History of Cloud Computing}{section.2.1}% 9
\BOOKMARK [2][-]{subsection.2.1.2}{Cloud Computing Definition}{section.2.1}% 10
\BOOKMARK [2][-]{subsection.2.1.3}{Cloud Models}{section.2.1}% 11
\BOOKMARK [2][-]{subsection.2.1.4}{Reference Architecture}{section.2.1}% 12
\BOOKMARK [2][-]{subsection.2.1.5}{Cloud Computing Advantages and Disadvantages}{section.2.1}% 13
\BOOKMARK [1][-]{section.2.2}{Service Level Agreements}{chapter.2}% 14
\BOOKMARK [2][-]{subsection.2.2.1}{SLA Life Cycle}{section.2.2}% 15
\BOOKMARK [2][-]{subsection.2.2.2}{SLA Content}{section.2.2}% 16
\BOOKMARK [2][-]{subsection.2.2.3}{Service Level Objectives}{section.2.2}% 17
\BOOKMARK [1][-]{section.2.3}{Conclusion}{chapter.2}% 18
\BOOKMARK [0][-]{chapter.3}{SLA Management and the Cloud}{}% 19
\BOOKMARK [1][-]{section.3.1}{Current Cloud SLA Landscape}{chapter.3}% 20
\BOOKMARK [1][-]{section.3.2}{KPIs for Cloud Services}{chapter.3}% 21
\BOOKMARK [2][-]{subsection.3.2.1}{General Service KPIs }{section.3.2}% 22
\BOOKMARK [2][-]{subsection.3.2.2}{Service Specific KPIs }{section.3.2}% 23
\BOOKMARK [1][-]{section.3.3}{QoS Control in the Cloud}{chapter.3}% 24
\BOOKMARK [1][-]{section.3.4}{Conclusion}{chapter.3}% 25
\BOOKMARK [0][-]{chapter.4}{Related Work}{}% 26
\BOOKMARK [1][-]{section.4.1}{Infrastructure Measurements and Cloud Monitoring}{chapter.4}% 27
\BOOKMARK [1][-]{section.4.2}{SLA Modeling and Description Languages}{chapter.4}% 28
\BOOKMARK [1][-]{section.4.3}{Performance Prediction}{chapter.4}% 29
\BOOKMARK [1][-]{section.4.4}{Scheduling Mechanisms}{chapter.4}% 30
\BOOKMARK [1][-]{section.4.5}{SLA Enforcement}{chapter.4}% 31
\BOOKMARK [1][-]{section.4.6}{Autonomic Computing}{chapter.4}% 32
\BOOKMARK [0][-]{chapter.5}{Autonomic Cloud Computing SLA Management Approach}{}% 33
\BOOKMARK [1][-]{section.5.1}{Autonomic Computing}{chapter.5}% 34
\BOOKMARK [1][-]{section.5.2}{Autonomic SLA Management Architecture}{chapter.5}% 35
\BOOKMARK [1][-]{section.5.3}{SLA Creation Process}{chapter.5}% 36
\BOOKMARK [1][-]{section.5.4}{Prediction, Detection and Management of Service Levels}{chapter.5}% 37
\BOOKMARK [1][-]{section.5.5}{Conclusion}{chapter.5}% 38
\BOOKMARK [0][-]{chapter.6}{Implementation and Evaluation}{}% 39
\BOOKMARK [1][-]{section.6.1}{SLA Frontend}{chapter.6}% 40
\BOOKMARK [2][-]{subsection.6.1.1}{KPIs and Infrastructure Data}{section.6.1}% 41
\BOOKMARK [2][-]{subsection.6.1.2}{GUI}{section.6.1}% 42
\BOOKMARK [2][-]{subsection.6.1.3}{A-SLO-A}{section.6.1}% 43
\BOOKMARK [1][-]{section.6.2}{QoS Management Modules}{chapter.6}% 44
\BOOKMARK [2][-]{subsection.6.2.1}{Threshold Value System}{section.6.2}% 45
\BOOKMARK [2][-]{subsection.6.2.2}{Machine Learning Algorithms}{section.6.2}% 46
\BOOKMARK [1][-]{section.6.3}{Results}{chapter.6}% 47
\BOOKMARK [1][-]{section.6.4}{Holistic SLA Management}{chapter.6}% 48
\BOOKMARK [0][-]{chapter.7}{Conclusion and Future Work}{}% 49
\BOOKMARK [1][-]{section.7.1}{Summary}{chapter.7}% 50
\BOOKMARK [1][-]{section.7.2}{Lessons Learned}{chapter.7}% 51
\BOOKMARK [1][-]{section.7.3}{Future Work}{chapter.7}% 52
\BOOKMARK [0][-]{chapter*.18}{References}{}% 53
\BOOKMARK [0][-]{chapter*.19}{Appendix A - Published Papers \046 Outputs}{}% 54
